{"total": {"lines":{"total":166,"covered":14,"skipped":0,"pct":8.43},"statements":{"total":170,"covered":14,"skipped":0,"pct":8.24},"functions":{"total":77,"covered":1,"skipped":0,"pct":1.3},"branches":{"total":39,"covered":2,"skipped":0,"pct":5.13}}
,"C:\\Users\\CAGRI\\Desktop\\master-master\\src\\App.js": {"lines":{"total":46,"covered":2,"skipped":0,"pct":4.35},"functions":{"total":10,"covered":0,"skipped":0,"pct":0},"statements":{"total":47,"covered":2,"skipped":0,"pct":4.26},"branches":{"total":2,"covered":0,"skipped":0,"pct":0}}
,"C:\\Users\\CAGRI\\Desktop\\master-master\\src\\index.js": {"lines":{"total":9,"covered":0,"skipped":0,"pct":0},"functions":{"total":1,"covered":0,"skipped":0,"pct":0},"statements":{"total":10,"covered":0,"skipped":0,"pct":0},"branches":{"total":0,"covered":0,"skipped":0,"pct":100}}
,"C:\\Users\\CAGRI\\Desktop\\master-master\\src\\pages.js": {"lines":{"total":1,"covered":0,"skipped":0,"pct":0},"functions":{"total":1,"covered":0,"skipped":0,"pct":0},"statements":{"total":1,"covered":0,"skipped":0,"pct":0},"branches":{"total":0,"covered":0,"skipped":0,"pct":100}}
,"C:\\Users\\CAGRI\\Desktop\\master-master\\src\\setupTests.js": {"lines":{"total":1,"covered":1,"skipped":0,"pct":100},"functions":{"total":0,"covered":0,"skipped":0,"pct":100},"statements":{"total":1,"covered":1,"skipped":0,"pct":100},"branches":{"total":0,"covered":0,"skipped":0,"pct":100}}
,"C:\\Users\\CAGRI\\Desktop\\master-master\\src\\components\\developer.js": {"lines":{"total":46,"covered":2,"skipped":0,"pct":4.35},"functions":{"total":30,"covered":0,"skipped":0,"pct":0},"statements":{"total":47,"covered":2,"skipped":0,"pct":4.26},"branches":{"total":14,"covered":0,"skipped":0,"pct":0}}
,"C:\\Users\\CAGRI\\Desktop\\master-master\\src\\components\\scrummaster.js": {"lines":{"total":48,"covered":2,"skipped":0,"pct":4.17},"functions":{"total":30,"covered":0,"skipped":0,"pct":0},"statements":{"total":49,"covered":2,"skipped":0,"pct":4.08},"branches":{"total":16,"covered":0,"skipped":0,"pct":0}}
,"C:\\Users\\CAGRI\\Desktop\\master-master\\src\\redux\\actions.js": {"lines":{"total":4,"covered":0,"skipped":0,"pct":0},"functions":{"total":4,"covered":0,"skipped":0,"pct":0},"statements":{"total":4,"covered":0,"skipped":0,"pct":0},"branches":{"total":0,"covered":0,"skipped":0,"pct":100}}
,"C:\\Users\\CAGRI\\Desktop\\master-master\\src\\redux\\reducer.js": {"lines":{"total":9,"covered":5,"skipped":0,"pct":55.56},"functions":{"total":1,"covered":1,"skipped":0,"pct":100},"statements":{"total":9,"covered":5,"skipped":0,"pct":55.56},"branches":{"total":7,"covered":2,"skipped":0,"pct":28.57}}
,"C:\\Users\\CAGRI\\Desktop\\master-master\\src\\redux\\store.js": {"lines":{"total":2,"covered":2,"skipped":0,"pct":100},"functions":{"total":0,"covered":0,"skipped":0,"pct":100},"statements":{"total":2,"covered":2,"skipped":0,"pct":100},"branches":{"total":0,"covered":0,"skipped":0,"pct":100}}
}
