{"C:\\Users\\CAGRI\\Desktop\\master-master\\src\\App.js": {"path":"C:\\Users\\CAGRI\\Desktop\\master-master\\src\\App.js","statementMap":{"0":{"start":{"line":12,"column":4},"end":{"line":12,"column":17}},"1":{"start":{"line":14,"column":4},"end":{"line":18,"column":5}},"2":{"start":{"line":20,"column":4},"end":{"line":20,"column":44}},"3":{"start":{"line":21,"column":4},"end":{"line":21,"column":56}},"4":{"start":{"line":22,"column":4},"end":{"line":22,"column":58}},"5":{"start":{"line":23,"column":4},"end":{"line":23,"column":52}},"6":{"start":{"line":28,"column":4},"end":{"line":30,"column":6}},"7":{"start":{"line":34,"column":4},"end":{"line":36,"column":6}},"8":{"start":{"line":40,"column":4},"end":{"line":42,"column":6}},"9":{"start":{"line":46,"column":4},"end":{"line":46,"column":43}},"10":{"start":{"line":47,"column":22},"end":{"line":47,"column":24}},"11":{"start":{"line":48,"column":4},"end":{"line":48,"column":44}},"12":{"start":{"line":49,"column":4},"end":{"line":49,"column":46}},"13":{"start":{"line":50,"column":4},"end":{"line":50,"column":42}},"14":{"start":{"line":51,"column":4},"end":{"line":51,"column":29}},"15":{"start":{"line":54,"column":28},"end":{"line":54,"column":30}},"16":{"start":{"line":55,"column":4},"end":{"line":61,"column":5}},"17":{"start":{"line":56,"column":6},"end":{"line":56,"column":28}},"18":{"start":{"line":57,"column":6},"end":{"line":57,"column":51}},"19":{"start":{"line":58,"column":6},"end":{"line":58,"column":44}},"20":{"start":{"line":59,"column":6},"end":{"line":59,"column":35}},"21":{"start":{"line":60,"column":6},"end":{"line":60,"column":47}},"22":{"start":{"line":62,"column":4},"end":{"line":62,"column":26}},"23":{"start":{"line":63,"column":4},"end":{"line":63,"column":46}},"24":{"start":{"line":64,"column":4},"end":{"line":64,"column":42}},"25":{"start":{"line":65,"column":4},"end":{"line":65,"column":33}},"26":{"start":{"line":66,"column":4},"end":{"line":66,"column":45}},"27":{"start":{"line":67,"column":4},"end":{"line":67,"column":41}},"28":{"start":{"line":70,"column":4},"end":{"line":70,"column":53}},"29":{"start":{"line":71,"column":29},"end":{"line":71,"column":31}},"30":{"start":{"line":72,"column":4},"end":{"line":78,"column":5}},"31":{"start":{"line":73,"column":6},"end":{"line":73,"column":28}},"32":{"start":{"line":74,"column":6},"end":{"line":74,"column":48}},"33":{"start":{"line":75,"column":6},"end":{"line":75,"column":35}},"34":{"start":{"line":76,"column":6},"end":{"line":76,"column":44}},"35":{"start":{"line":77,"column":6},"end":{"line":77,"column":48}},"36":{"start":{"line":79,"column":4},"end":{"line":79,"column":41}},"37":{"start":{"line":81,"column":4},"end":{"line":103,"column":7}},"38":{"start":{"line":94,"column":6},"end":{"line":94,"column":22}},"39":{"start":{"line":96,"column":6},"end":{"line":100,"column":7}},"40":{"start":{"line":97,"column":8},"end":{"line":97,"column":37}},"41":{"start":{"line":99,"column":8},"end":{"line":99,"column":33}},"42":{"start":{"line":102,"column":6},"end":{"line":102,"column":35}},"43":{"start":{"line":107,"column":4},"end":{"line":123,"column":6}},"44":{"start":{"line":127,"column":24},"end":{"line":129,"column":2}},"45":{"start":{"line":127,"column":46},"end":{"line":129,"column":1}},"46":{"start":{"line":131,"column":0},"end":{"line":131,"column":48}}},"fnMap":{"0":{"name":"(anonymous_0)","decl":{"start":{"line":11,"column":2},"end":{"line":11,"column":3}},"loc":{"start":{"line":11,"column":21},"end":{"line":25,"column":3}},"line":11},"1":{"name":"(anonymous_1)","decl":{"start":{"line":27,"column":2},"end":{"line":27,"column":3}},"loc":{"start":{"line":27,"column":18},"end":{"line":31,"column":3}},"line":27},"2":{"name":"(anonymous_2)","decl":{"start":{"line":33,"column":2},"end":{"line":33,"column":3}},"loc":{"start":{"line":33,"column":24},"end":{"line":37,"column":3}},"line":33},"3":{"name":"(anonymous_3)","decl":{"start":{"line":39,"column":2},"end":{"line":39,"column":3}},"loc":{"start":{"line":39,"column":25},"end":{"line":43,"column":3}},"line":39},"4":{"name":"(anonymous_4)","decl":{"start":{"line":45,"column":2},"end":{"line":45,"column":3}},"loc":{"start":{"line":45,"column":17},"end":{"line":104,"column":3}},"line":45},"5":{"name":"(anonymous_5)","decl":{"start":{"line":93,"column":12},"end":{"line":93,"column":13}},"loc":{"start":{"line":93,"column":19},"end":{"line":95,"column":5}},"line":93},"6":{"name":"(anonymous_6)","decl":{"start":{"line":95,"column":12},"end":{"line":95,"column":13}},"loc":{"start":{"line":95,"column":21},"end":{"line":101,"column":5}},"line":95},"7":{"name":"(anonymous_7)","decl":{"start":{"line":101,"column":13},"end":{"line":101,"column":14}},"loc":{"start":{"line":101,"column":20},"end":{"line":103,"column":5}},"line":101},"8":{"name":"(anonymous_8)","decl":{"start":{"line":106,"column":2},"end":{"line":106,"column":3}},"loc":{"start":{"line":106,"column":11},"end":{"line":124,"column":3}},"line":106},"9":{"name":"(anonymous_9)","decl":{"start":{"line":127,"column":24},"end":{"line":127,"column":25}},"loc":{"start":{"line":127,"column":46},"end":{"line":129,"column":1}},"line":127}},"branchMap":{"0":{"loc":{"start":{"line":96,"column":6},"end":{"line":100,"column":7}},"type":"if","locations":[{"start":{"line":96,"column":6},"end":{"line":100,"column":7}},{"start":{"line":96,"column":6},"end":{"line":100,"column":7}}],"line":96}},"s":{"0":0,"1":0,"2":0,"3":0,"4":0,"5":0,"6":0,"7":0,"8":0,"9":0,"10":0,"11":0,"12":0,"13":0,"14":0,"15":0,"16":0,"17":0,"18":0,"19":0,"20":0,"21":0,"22":0,"23":0,"24":0,"25":0,"26":0,"27":0,"28":0,"29":0,"30":0,"31":0,"32":0,"33":0,"34":0,"35":0,"36":0,"37":0,"38":0,"39":0,"40":0,"41":0,"42":0,"43":0,"44":1,"45":0,"46":1},"f":{"0":0,"1":0,"2":0,"3":0,"4":0,"5":0,"6":0,"7":0,"8":0,"9":0},"b":{"0":[0,0]},"_coverageSchema":"332fd63041d2c1bcb487cc26dd0d5f7d97098a6c","hash":"7e8a25a9e0fdc17229e364ac482d088dc07c337f"}
,"C:\\Users\\CAGRI\\Desktop\\master-master\\src\\index.js": {"path":"C:\\Users\\CAGRI\\Desktop\\master-master\\src\\index.js","statementMap":{"0":{"start":{"line":1,"column":0},"end":{"line":null,"column":-1}},"1":{"start":{"line":2,"column":0},"end":{"line":null,"column":-1}},"2":{"start":{"line":3,"column":0},"end":{"line":null,"column":-1}},"3":{"start":{"line":4,"column":0},"end":{"line":null,"column":-1}},"4":{"start":{"line":5,"column":0},"end":{"line":null,"column":-1}},"5":{"start":{"line":6,"column":0},"end":{"line":null,"column":-1}},"6":{"start":{"line":7,"column":0},"end":{"line":null,"column":-1}},"7":{"start":{"line":9,"column":14},"end":{"line":9,"column":0}},"8":{"start":{"line":9,"column":14},"end":{"line":null,"column":-1}},"9":{"start":{"line":15,"column":0},"end":{"line":null,"column":-1}}},"fnMap":{"0":{"name":"MyApp","decl":{"start":{"line":9,"column":6},"end":{"line":9,"column":14}},"loc":{"start":{"line":9,"column":14},"end":{"line":9,"column":0}}}},"branchMap":{},"s":{"0":0,"1":0,"2":0,"3":0,"4":0,"5":0,"6":0,"7":0,"8":0,"9":0},"f":{"0":0},"b":{}}
,"C:\\Users\\CAGRI\\Desktop\\master-master\\src\\pages.js": {"path":"C:\\Users\\CAGRI\\Desktop\\master-master\\src\\pages.js","statementMap":{"0":{"start":{"line":12,"column":4},"end":{"line":26,"column":6}}},"fnMap":{"0":{"name":"Pages","decl":{"start":{"line":11,"column":24},"end":{"line":11,"column":29}},"loc":{"start":{"line":11,"column":32},"end":{"line":27,"column":1}},"line":11}},"branchMap":{},"s":{"0":0},"f":{"0":0},"b":{},"_coverageSchema":"332fd63041d2c1bcb487cc26dd0d5f7d97098a6c","hash":"87592e683decff2a81742153626508d14feee9f2"}
,"C:\\Users\\CAGRI\\Desktop\\master-master\\src\\setupTests.js": {"path":"C:\\Users\\CAGRI\\Desktop\\master-master\\src\\setupTests.js","statementMap":{"0":{"start":{"line":4,"column":0},"end":{"line":7,"column":3}}},"fnMap":{},"branchMap":{},"s":{"0":3},"f":{},"b":{},"_coverageSchema":"332fd63041d2c1bcb487cc26dd0d5f7d97098a6c","hash":"d5eba0fb0091b3c2dea0aee9fb96980f65bc3300"}
,"C:\\Users\\CAGRI\\Desktop\\master-master\\src\\components\\developer.js": {"path":"C:\\Users\\CAGRI\\Desktop\\master-master\\src\\components\\developer.js","statementMap":{"0":{"start":{"line":16,"column":8},"end":{"line":16,"column":21}},"1":{"start":{"line":18,"column":8},"end":{"line":23,"column":9}},"2":{"start":{"line":25,"column":8},"end":{"line":25,"column":53}},"3":{"start":{"line":26,"column":8},"end":{"line":26,"column":43}},"4":{"start":{"line":27,"column":8},"end":{"line":27,"column":56}},"5":{"start":{"line":28,"column":8},"end":{"line":28,"column":56}},"6":{"start":{"line":29,"column":8},"end":{"line":29,"column":27}},"7":{"start":{"line":33,"column":8},"end":{"line":33,"column":39}},"8":{"start":{"line":37,"column":8},"end":{"line":62,"column":9}},"9":{"start":{"line":38,"column":12},"end":{"line":41,"column":14}},"10":{"start":{"line":42,"column":12},"end":{"line":61,"column":15}},"11":{"start":{"line":52,"column":16},"end":{"line":52,"column":32}},"12":{"start":{"line":54,"column":16},"end":{"line":58,"column":17}},"13":{"start":{"line":55,"column":20},"end":{"line":55,"column":49}},"14":{"start":{"line":57,"column":20},"end":{"line":57,"column":45}},"15":{"start":{"line":60,"column":16},"end":{"line":60,"column":45}},"16":{"start":{"line":66,"column":25},"end":{"line":66,"column":58}},"17":{"start":{"line":67,"column":8},"end":{"line":96,"column":11}},"18":{"start":{"line":78,"column":12},"end":{"line":78,"column":28}},"19":{"start":{"line":80,"column":12},"end":{"line":93,"column":13}},"20":{"start":{"line":81,"column":16},"end":{"line":81,"column":65}},"21":{"start":{"line":82,"column":16},"end":{"line":88,"column":18}},"22":{"start":{"line":83,"column":20},"end":{"line":87,"column":21}},"23":{"start":{"line":90,"column":16},"end":{"line":92,"column":17}},"24":{"start":{"line":91,"column":20},"end":{"line":91,"column":39}},"25":{"start":{"line":95,"column":12},"end":{"line":95,"column":36}},"26":{"start":{"line":100,"column":25},"end":{"line":100,"column":62}},"27":{"start":{"line":101,"column":8},"end":{"line":115,"column":11}},"28":{"start":{"line":112,"column":12},"end":{"line":112,"column":28}},"29":{"start":{"line":119,"column":8},"end":{"line":119,"column":27}},"30":{"start":{"line":120,"column":8},"end":{"line":193,"column":10}},"31":{"start":{"line":138,"column":36},"end":{"line":144,"column":47}},"32":{"start":{"line":168,"column":142},"end":{"line":168,"column":155}},"33":{"start":{"line":169,"column":142},"end":{"line":169,"column":155}},"34":{"start":{"line":170,"column":142},"end":{"line":170,"column":155}},"35":{"start":{"line":171,"column":110},"end":{"line":171,"column":123}},"36":{"start":{"line":175,"column":142},"end":{"line":175,"column":155}},"37":{"start":{"line":176,"column":142},"end":{"line":176,"column":156}},"38":{"start":{"line":177,"column":142},"end":{"line":177,"column":156}},"39":{"start":{"line":178,"column":110},"end":{"line":178,"column":124}},"40":{"start":{"line":182,"column":142},"end":{"line":182,"column":156}},"41":{"start":{"line":183,"column":142},"end":{"line":183,"column":156}},"42":{"start":{"line":184,"column":142},"end":{"line":184,"column":157}},"43":{"start":{"line":185,"column":110},"end":{"line":185,"column":125}},"44":{"start":{"line":197,"column":24},"end":{"line":201,"column":2}},"45":{"start":{"line":197,"column":46},"end":{"line":201,"column":1}},"46":{"start":{"line":204,"column":0},"end":{"line":204,"column":60}}},"fnMap":{"0":{"name":"(anonymous_0)","decl":{"start":{"line":15,"column":4},"end":{"line":15,"column":5}},"loc":{"start":{"line":15,"column":23},"end":{"line":30,"column":5}},"line":15},"1":{"name":"(anonymous_1)","decl":{"start":{"line":32,"column":4},"end":{"line":32,"column":5}},"loc":{"start":{"line":32,"column":36},"end":{"line":34,"column":5}},"line":32},"2":{"name":"(anonymous_2)","decl":{"start":{"line":36,"column":4},"end":{"line":36,"column":5}},"loc":{"start":{"line":36,"column":16},"end":{"line":63,"column":5}},"line":36},"3":{"name":"(anonymous_3)","decl":{"start":{"line":51,"column":20},"end":{"line":51,"column":21}},"loc":{"start":{"line":51,"column":27},"end":{"line":53,"column":13}},"line":51},"4":{"name":"(anonymous_4)","decl":{"start":{"line":53,"column":20},"end":{"line":53,"column":21}},"loc":{"start":{"line":53,"column":29},"end":{"line":59,"column":13}},"line":53},"5":{"name":"(anonymous_5)","decl":{"start":{"line":59,"column":21},"end":{"line":59,"column":22}},"loc":{"start":{"line":59,"column":28},"end":{"line":61,"column":13}},"line":59},"6":{"name":"(anonymous_6)","decl":{"start":{"line":65,"column":4},"end":{"line":65,"column":5}},"loc":{"start":{"line":65,"column":19},"end":{"line":97,"column":5}},"line":65},"7":{"name":"(anonymous_7)","decl":{"start":{"line":77,"column":16},"end":{"line":77,"column":17}},"loc":{"start":{"line":77,"column":23},"end":{"line":79,"column":9}},"line":77},"8":{"name":"(anonymous_8)","decl":{"start":{"line":79,"column":16},"end":{"line":79,"column":17}},"loc":{"start":{"line":79,"column":25},"end":{"line":94,"column":9}},"line":79},"9":{"name":"(anonymous_9)","decl":{"start":{"line":82,"column":30},"end":{"line":82,"column":31}},"loc":{"start":{"line":82,"column":43},"end":{"line":88,"column":17}},"line":82},"10":{"name":"(anonymous_10)","decl":{"start":{"line":94,"column":17},"end":{"line":94,"column":18}},"loc":{"start":{"line":94,"column":24},"end":{"line":96,"column":9}},"line":94},"11":{"name":"(anonymous_11)","decl":{"start":{"line":99,"column":4},"end":{"line":99,"column":5}},"loc":{"start":{"line":99,"column":19},"end":{"line":116,"column":5}},"line":99},"12":{"name":"(anonymous_12)","decl":{"start":{"line":111,"column":16},"end":{"line":111,"column":17}},"loc":{"start":{"line":111,"column":23},"end":{"line":113,"column":9}},"line":111},"13":{"name":"(anonymous_13)","decl":{"start":{"line":113,"column":16},"end":{"line":113,"column":17}},"loc":{"start":{"line":113,"column":25},"end":{"line":114,"column":9}},"line":113},"14":{"name":"(anonymous_14)","decl":{"start":{"line":114,"column":17},"end":{"line":114,"column":18}},"loc":{"start":{"line":114,"column":24},"end":{"line":115,"column":9}},"line":114},"15":{"name":"(anonymous_15)","decl":{"start":{"line":118,"column":4},"end":{"line":118,"column":5}},"loc":{"start":{"line":118,"column":13},"end":{"line":194,"column":5}},"line":118},"16":{"name":"(anonymous_16)","decl":{"start":{"line":137,"column":58},"end":{"line":137,"column":59}},"loc":{"start":{"line":138,"column":36},"end":{"line":144,"column":47}},"line":138},"17":{"name":"(anonymous_17)","decl":{"start":{"line":168,"column":134},"end":{"line":168,"column":135}},"loc":{"start":{"line":168,"column":140},"end":{"line":168,"column":157}},"line":168},"18":{"name":"(anonymous_18)","decl":{"start":{"line":169,"column":134},"end":{"line":169,"column":135}},"loc":{"start":{"line":169,"column":140},"end":{"line":169,"column":157}},"line":169},"19":{"name":"(anonymous_19)","decl":{"start":{"line":170,"column":134},"end":{"line":170,"column":135}},"loc":{"start":{"line":170,"column":140},"end":{"line":170,"column":157}},"line":170},"20":{"name":"(anonymous_20)","decl":{"start":{"line":171,"column":102},"end":{"line":171,"column":103}},"loc":{"start":{"line":171,"column":108},"end":{"line":171,"column":125}},"line":171},"21":{"name":"(anonymous_21)","decl":{"start":{"line":175,"column":134},"end":{"line":175,"column":135}},"loc":{"start":{"line":175,"column":140},"end":{"line":175,"column":157}},"line":175},"22":{"name":"(anonymous_22)","decl":{"start":{"line":176,"column":134},"end":{"line":176,"column":135}},"loc":{"start":{"line":176,"column":140},"end":{"line":176,"column":158}},"line":176},"23":{"name":"(anonymous_23)","decl":{"start":{"line":177,"column":134},"end":{"line":177,"column":135}},"loc":{"start":{"line":177,"column":140},"end":{"line":177,"column":158}},"line":177},"24":{"name":"(anonymous_24)","decl":{"start":{"line":178,"column":102},"end":{"line":178,"column":103}},"loc":{"start":{"line":178,"column":108},"end":{"line":178,"column":126}},"line":178},"25":{"name":"(anonymous_25)","decl":{"start":{"line":182,"column":134},"end":{"line":182,"column":135}},"loc":{"start":{"line":182,"column":140},"end":{"line":182,"column":158}},"line":182},"26":{"name":"(anonymous_26)","decl":{"start":{"line":183,"column":134},"end":{"line":183,"column":135}},"loc":{"start":{"line":183,"column":140},"end":{"line":183,"column":158}},"line":183},"27":{"name":"(anonymous_27)","decl":{"start":{"line":184,"column":134},"end":{"line":184,"column":135}},"loc":{"start":{"line":184,"column":140},"end":{"line":184,"column":159}},"line":184},"28":{"name":"(anonymous_28)","decl":{"start":{"line":185,"column":102},"end":{"line":185,"column":103}},"loc":{"start":{"line":185,"column":108},"end":{"line":185,"column":127}},"line":185},"29":{"name":"(anonymous_29)","decl":{"start":{"line":197,"column":24},"end":{"line":197,"column":25}},"loc":{"start":{"line":197,"column":46},"end":{"line":201,"column":1}},"line":197}},"branchMap":{"0":{"loc":{"start":{"line":37,"column":8},"end":{"line":62,"column":9}},"type":"if","locations":[{"start":{"line":37,"column":8},"end":{"line":62,"column":9}},{"start":{"line":37,"column":8},"end":{"line":62,"column":9}}],"line":37},"1":{"loc":{"start":{"line":54,"column":16},"end":{"line":58,"column":17}},"type":"if","locations":[{"start":{"line":54,"column":16},"end":{"line":58,"column":17}},{"start":{"line":54,"column":16},"end":{"line":58,"column":17}}],"line":54},"2":{"loc":{"start":{"line":80,"column":12},"end":{"line":93,"column":13}},"type":"if","locations":[{"start":{"line":80,"column":12},"end":{"line":93,"column":13}},{"start":{"line":80,"column":12},"end":{"line":93,"column":13}}],"line":80},"3":{"loc":{"start":{"line":86,"column":33},"end":{"line":86,"column":78}},"type":"cond-expr","locations":[{"start":{"line":86,"column":53},"end":{"line":86,"column":70}},{"start":{"line":86,"column":73},"end":{"line":86,"column":78}}],"line":86},"4":{"loc":{"start":{"line":90,"column":16},"end":{"line":92,"column":17}},"type":"if","locations":[{"start":{"line":90,"column":16},"end":{"line":92,"column":17}},{"start":{"line":90,"column":16},"end":{"line":92,"column":17}}],"line":90},"5":{"loc":{"start":{"line":161,"column":48},"end":{"line":161,"column":133}},"type":"binary-expr","locations":[{"start":{"line":161,"column":48},"end":{"line":161,"column":86}},{"start":{"line":161,"column":90},"end":{"line":161,"column":133}}],"line":161},"6":{"loc":{"start":{"line":189,"column":25},"end":{"line":189,"column":88}},"type":"binary-expr","locations":[{"start":{"line":189,"column":25},"end":{"line":189,"column":43}},{"start":{"line":189,"column":47},"end":{"line":189,"column":88}}],"line":189}},"s":{"0":0,"1":0,"2":0,"3":0,"4":0,"5":0,"6":0,"7":0,"8":0,"9":0,"10":0,"11":0,"12":0,"13":0,"14":0,"15":0,"16":0,"17":0,"18":0,"19":0,"20":0,"21":0,"22":0,"23":0,"24":0,"25":0,"26":0,"27":0,"28":0,"29":0,"30":0,"31":0,"32":0,"33":0,"34":0,"35":0,"36":0,"37":0,"38":0,"39":0,"40":0,"41":0,"42":0,"43":0,"44":2,"45":0,"46":2},"f":{"0":0,"1":0,"2":0,"3":0,"4":0,"5":0,"6":0,"7":0,"8":0,"9":0,"10":0,"11":0,"12":0,"13":0,"14":0,"15":0,"16":0,"17":0,"18":0,"19":0,"20":0,"21":0,"22":0,"23":0,"24":0,"25":0,"26":0,"27":0,"28":0,"29":0},"b":{"0":[0,0],"1":[0,0],"2":[0,0],"3":[0,0],"4":[0,0],"5":[0,0],"6":[0,0]},"_coverageSchema":"332fd63041d2c1bcb487cc26dd0d5f7d97098a6c","hash":"92b713e128a2661d854a65abb195fd19cab0e5dd"}
,"C:\\Users\\CAGRI\\Desktop\\master-master\\src\\components\\scrummaster.js": {"path":"C:\\Users\\CAGRI\\Desktop\\master-master\\src\\components\\scrummaster.js","statementMap":{"0":{"start":{"line":20,"column":8},"end":{"line":20,"column":21}},"1":{"start":{"line":22,"column":8},"end":{"line":30,"column":9}},"2":{"start":{"line":31,"column":8},"end":{"line":31,"column":56}},"3":{"start":{"line":32,"column":8},"end":{"line":32,"column":43}},"4":{"start":{"line":33,"column":8},"end":{"line":33,"column":47}},"5":{"start":{"line":34,"column":8},"end":{"line":34,"column":59}},"6":{"start":{"line":38,"column":25},"end":{"line":38,"column":58}},"7":{"start":{"line":39,"column":8},"end":{"line":63,"column":11}},"8":{"start":{"line":50,"column":12},"end":{"line":50,"column":28}},"9":{"start":{"line":52,"column":12},"end":{"line":60,"column":13}},"10":{"start":{"line":53,"column":16},"end":{"line":53,"column":64}},"11":{"start":{"line":54,"column":16},"end":{"line":59,"column":18}},"12":{"start":{"line":62,"column":12},"end":{"line":62,"column":36}},"13":{"start":{"line":67,"column":8},"end":{"line":93,"column":9}},"14":{"start":{"line":68,"column":12},"end":{"line":71,"column":14}},"15":{"start":{"line":72,"column":12},"end":{"line":92,"column":15}},"16":{"start":{"line":83,"column":16},"end":{"line":83,"column":32}},"17":{"start":{"line":85,"column":16},"end":{"line":89,"column":17}},"18":{"start":{"line":86,"column":20},"end":{"line":86,"column":49}},"19":{"start":{"line":88,"column":20},"end":{"line":88,"column":45}},"20":{"start":{"line":91,"column":16},"end":{"line":91,"column":45}},"21":{"start":{"line":98,"column":8},"end":{"line":100,"column":10}},"22":{"start":{"line":104,"column":8},"end":{"line":131,"column":9}},"23":{"start":{"line":105,"column":12},"end":{"line":130,"column":15}},"24":{"start":{"line":116,"column":16},"end":{"line":116,"column":32}},"25":{"start":{"line":118,"column":16},"end":{"line":127,"column":17}},"26":{"start":{"line":119,"column":20},"end":{"line":119,"column":49}},"27":{"start":{"line":120,"column":20},"end":{"line":124,"column":22}},"28":{"start":{"line":126,"column":20},"end":{"line":126,"column":45}},"29":{"start":{"line":129,"column":16},"end":{"line":129,"column":45}},"30":{"start":{"line":135,"column":8},"end":{"line":135,"column":27}},"31":{"start":{"line":136,"column":8},"end":{"line":240,"column":10}},"32":{"start":{"line":155,"column":36},"end":{"line":161,"column":47}},"33":{"start":{"line":185,"column":142},"end":{"line":185,"column":155}},"34":{"start":{"line":186,"column":142},"end":{"line":186,"column":155}},"35":{"start":{"line":187,"column":142},"end":{"line":187,"column":155}},"36":{"start":{"line":188,"column":110},"end":{"line":188,"column":123}},"37":{"start":{"line":192,"column":142},"end":{"line":192,"column":155}},"38":{"start":{"line":193,"column":142},"end":{"line":193,"column":156}},"39":{"start":{"line":194,"column":142},"end":{"line":194,"column":156}},"40":{"start":{"line":195,"column":110},"end":{"line":195,"column":124}},"41":{"start":{"line":199,"column":142},"end":{"line":199,"column":156}},"42":{"start":{"line":200,"column":142},"end":{"line":200,"column":156}},"43":{"start":{"line":201,"column":142},"end":{"line":201,"column":157}},"44":{"start":{"line":202,"column":110},"end":{"line":202,"column":125}},"45":{"start":{"line":225,"column":36},"end":{"line":230,"column":47}},"46":{"start":{"line":244,"column":24},"end":{"line":248,"column":2}},"47":{"start":{"line":244,"column":46},"end":{"line":248,"column":1}},"48":{"start":{"line":250,"column":0},"end":{"line":250,"column":72}}},"fnMap":{"0":{"name":"(anonymous_0)","decl":{"start":{"line":19,"column":4},"end":{"line":19,"column":5}},"loc":{"start":{"line":19,"column":23},"end":{"line":35,"column":5}},"line":19},"1":{"name":"(anonymous_1)","decl":{"start":{"line":37,"column":4},"end":{"line":37,"column":5}},"loc":{"start":{"line":37,"column":19},"end":{"line":64,"column":5}},"line":37},"2":{"name":"(anonymous_2)","decl":{"start":{"line":49,"column":16},"end":{"line":49,"column":17}},"loc":{"start":{"line":49,"column":23},"end":{"line":51,"column":9}},"line":49},"3":{"name":"(anonymous_3)","decl":{"start":{"line":51,"column":16},"end":{"line":51,"column":17}},"loc":{"start":{"line":51,"column":25},"end":{"line":61,"column":9}},"line":51},"4":{"name":"(anonymous_4)","decl":{"start":{"line":61,"column":17},"end":{"line":61,"column":18}},"loc":{"start":{"line":61,"column":24},"end":{"line":63,"column":9}},"line":61},"5":{"name":"(anonymous_5)","decl":{"start":{"line":66,"column":4},"end":{"line":66,"column":5}},"loc":{"start":{"line":66,"column":16},"end":{"line":94,"column":5}},"line":66},"6":{"name":"(anonymous_6)","decl":{"start":{"line":82,"column":20},"end":{"line":82,"column":21}},"loc":{"start":{"line":82,"column":27},"end":{"line":84,"column":13}},"line":82},"7":{"name":"(anonymous_7)","decl":{"start":{"line":84,"column":20},"end":{"line":84,"column":21}},"loc":{"start":{"line":84,"column":29},"end":{"line":90,"column":13}},"line":84},"8":{"name":"(anonymous_8)","decl":{"start":{"line":90,"column":21},"end":{"line":90,"column":22}},"loc":{"start":{"line":90,"column":28},"end":{"line":92,"column":13}},"line":90},"9":{"name":"(anonymous_9)","decl":{"start":{"line":97,"column":4},"end":{"line":97,"column":5}},"loc":{"start":{"line":97,"column":25},"end":{"line":101,"column":5}},"line":97},"10":{"name":"(anonymous_10)","decl":{"start":{"line":103,"column":4},"end":{"line":103,"column":5}},"loc":{"start":{"line":103,"column":14},"end":{"line":132,"column":5}},"line":103},"11":{"name":"(anonymous_11)","decl":{"start":{"line":115,"column":20},"end":{"line":115,"column":21}},"loc":{"start":{"line":115,"column":27},"end":{"line":117,"column":13}},"line":115},"12":{"name":"(anonymous_12)","decl":{"start":{"line":117,"column":20},"end":{"line":117,"column":21}},"loc":{"start":{"line":117,"column":29},"end":{"line":128,"column":13}},"line":117},"13":{"name":"(anonymous_13)","decl":{"start":{"line":128,"column":21},"end":{"line":128,"column":22}},"loc":{"start":{"line":128,"column":28},"end":{"line":130,"column":13}},"line":128},"14":{"name":"(anonymous_14)","decl":{"start":{"line":134,"column":4},"end":{"line":134,"column":5}},"loc":{"start":{"line":134,"column":13},"end":{"line":241,"column":5}},"line":134},"15":{"name":"(anonymous_15)","decl":{"start":{"line":154,"column":58},"end":{"line":154,"column":59}},"loc":{"start":{"line":155,"column":36},"end":{"line":161,"column":47}},"line":155},"16":{"name":"(anonymous_16)","decl":{"start":{"line":185,"column":134},"end":{"line":185,"column":135}},"loc":{"start":{"line":185,"column":140},"end":{"line":185,"column":157}},"line":185},"17":{"name":"(anonymous_17)","decl":{"start":{"line":186,"column":134},"end":{"line":186,"column":135}},"loc":{"start":{"line":186,"column":140},"end":{"line":186,"column":157}},"line":186},"18":{"name":"(anonymous_18)","decl":{"start":{"line":187,"column":134},"end":{"line":187,"column":135}},"loc":{"start":{"line":187,"column":140},"end":{"line":187,"column":157}},"line":187},"19":{"name":"(anonymous_19)","decl":{"start":{"line":188,"column":102},"end":{"line":188,"column":103}},"loc":{"start":{"line":188,"column":108},"end":{"line":188,"column":125}},"line":188},"20":{"name":"(anonymous_20)","decl":{"start":{"line":192,"column":134},"end":{"line":192,"column":135}},"loc":{"start":{"line":192,"column":140},"end":{"line":192,"column":157}},"line":192},"21":{"name":"(anonymous_21)","decl":{"start":{"line":193,"column":134},"end":{"line":193,"column":135}},"loc":{"start":{"line":193,"column":140},"end":{"line":193,"column":158}},"line":193},"22":{"name":"(anonymous_22)","decl":{"start":{"line":194,"column":134},"end":{"line":194,"column":135}},"loc":{"start":{"line":194,"column":140},"end":{"line":194,"column":158}},"line":194},"23":{"name":"(anonymous_23)","decl":{"start":{"line":195,"column":102},"end":{"line":195,"column":103}},"loc":{"start":{"line":195,"column":108},"end":{"line":195,"column":126}},"line":195},"24":{"name":"(anonymous_24)","decl":{"start":{"line":199,"column":134},"end":{"line":199,"column":135}},"loc":{"start":{"line":199,"column":140},"end":{"line":199,"column":158}},"line":199},"25":{"name":"(anonymous_25)","decl":{"start":{"line":200,"column":134},"end":{"line":200,"column":135}},"loc":{"start":{"line":200,"column":140},"end":{"line":200,"column":158}},"line":200},"26":{"name":"(anonymous_26)","decl":{"start":{"line":201,"column":134},"end":{"line":201,"column":135}},"loc":{"start":{"line":201,"column":140},"end":{"line":201,"column":159}},"line":201},"27":{"name":"(anonymous_27)","decl":{"start":{"line":202,"column":102},"end":{"line":202,"column":103}},"loc":{"start":{"line":202,"column":108},"end":{"line":202,"column":127}},"line":202},"28":{"name":"(anonymous_28)","decl":{"start":{"line":224,"column":57},"end":{"line":224,"column":58}},"loc":{"start":{"line":225,"column":36},"end":{"line":230,"column":47}},"line":225},"29":{"name":"(anonymous_29)","decl":{"start":{"line":244,"column":24},"end":{"line":244,"column":25}},"loc":{"start":{"line":244,"column":46},"end":{"line":248,"column":1}},"line":244}},"branchMap":{"0":{"loc":{"start":{"line":52,"column":12},"end":{"line":60,"column":13}},"type":"if","locations":[{"start":{"line":52,"column":12},"end":{"line":60,"column":13}},{"start":{"line":52,"column":12},"end":{"line":60,"column":13}}],"line":52},"1":{"loc":{"start":{"line":67,"column":8},"end":{"line":93,"column":9}},"type":"if","locations":[{"start":{"line":67,"column":8},"end":{"line":93,"column":9}},{"start":{"line":67,"column":8},"end":{"line":93,"column":9}}],"line":67},"2":{"loc":{"start":{"line":85,"column":16},"end":{"line":89,"column":17}},"type":"if","locations":[{"start":{"line":85,"column":16},"end":{"line":89,"column":17}},{"start":{"line":85,"column":16},"end":{"line":89,"column":17}}],"line":85},"3":{"loc":{"start":{"line":104,"column":8},"end":{"line":131,"column":9}},"type":"if","locations":[{"start":{"line":104,"column":8},"end":{"line":131,"column":9}},{"start":{"line":104,"column":8},"end":{"line":131,"column":9}}],"line":104},"4":{"loc":{"start":{"line":118,"column":16},"end":{"line":127,"column":17}},"type":"if","locations":[{"start":{"line":118,"column":16},"end":{"line":127,"column":17}},{"start":{"line":118,"column":16},"end":{"line":127,"column":17}}],"line":118},"5":{"loc":{"start":{"line":178,"column":48},"end":{"line":178,"column":133}},"type":"binary-expr","locations":[{"start":{"line":178,"column":48},"end":{"line":178,"column":86}},{"start":{"line":178,"column":90},"end":{"line":178,"column":133}}],"line":178},"6":{"loc":{"start":{"line":206,"column":25},"end":{"line":206,"column":88}},"type":"binary-expr","locations":[{"start":{"line":206,"column":25},"end":{"line":206,"column":43}},{"start":{"line":206,"column":47},"end":{"line":206,"column":88}}],"line":206},"7":{"loc":{"start":{"line":229,"column":66},"end":{"line":229,"column":109}},"type":"cond-expr","locations":[{"start":{"line":229,"column":87},"end":{"line":229,"column":96}},{"start":{"line":229,"column":99},"end":{"line":229,"column":109}}],"line":229}},"s":{"0":0,"1":0,"2":0,"3":0,"4":0,"5":0,"6":0,"7":0,"8":0,"9":0,"10":0,"11":0,"12":0,"13":0,"14":0,"15":0,"16":0,"17":0,"18":0,"19":0,"20":0,"21":0,"22":0,"23":0,"24":0,"25":0,"26":0,"27":0,"28":0,"29":0,"30":0,"31":0,"32":0,"33":0,"34":0,"35":0,"36":0,"37":0,"38":0,"39":0,"40":0,"41":0,"42":0,"43":0,"44":0,"45":0,"46":2,"47":0,"48":2},"f":{"0":0,"1":0,"2":0,"3":0,"4":0,"5":0,"6":0,"7":0,"8":0,"9":0,"10":0,"11":0,"12":0,"13":0,"14":0,"15":0,"16":0,"17":0,"18":0,"19":0,"20":0,"21":0,"22":0,"23":0,"24":0,"25":0,"26":0,"27":0,"28":0,"29":0},"b":{"0":[0,0],"1":[0,0],"2":[0,0],"3":[0,0],"4":[0,0],"5":[0,0],"6":[0,0],"7":[0,0]},"_coverageSchema":"332fd63041d2c1bcb487cc26dd0d5f7d97098a6c","hash":"4b389db68d10f21c1f3a357e38bbb59a45b470be"}
,"C:\\Users\\CAGRI\\Desktop\\master-master\\src\\redux\\actions.js": {"path":"C:\\Users\\CAGRI\\Desktop\\master-master\\src\\redux\\actions.js","statementMap":{"0":{"start":{"line":4,"column":2},"end":{"line":9,"column":5}},"1":{"start":{"line":15,"column":2},"end":{"line":20,"column":5}},"2":{"start":{"line":24,"column":2},"end":{"line":29,"column":5}},"3":{"start":{"line":33,"column":2},"end":{"line":38,"column":5}}},"fnMap":{"0":{"name":"setData","decl":{"start":{"line":3,"column":16},"end":{"line":3,"column":23}},"loc":{"start":{"line":3,"column":30},"end":{"line":10,"column":1}},"line":3},"1":{"name":"setStoryList","decl":{"start":{"line":14,"column":16},"end":{"line":14,"column":28}},"loc":{"start":{"line":14,"column":35},"end":{"line":21,"column":1}},"line":14},"2":{"name":"setVoteStatus","decl":{"start":{"line":23,"column":16},"end":{"line":23,"column":29}},"loc":{"start":{"line":23,"column":36},"end":{"line":30,"column":1}},"line":23},"3":{"name":"setRoute","decl":{"start":{"line":32,"column":16},"end":{"line":32,"column":24}},"loc":{"start":{"line":32,"column":31},"end":{"line":39,"column":1}},"line":32}},"branchMap":{},"s":{"0":0,"1":0,"2":0,"3":0},"f":{"0":0,"1":0,"2":0,"3":0},"b":{},"_coverageSchema":"332fd63041d2c1bcb487cc26dd0d5f7d97098a6c","hash":"d341f0a652363c922775db076ab567ced61c484e"}
,"C:\\Users\\CAGRI\\Desktop\\master-master\\src\\redux\\reducer.js": {"path":"C:\\Users\\CAGRI\\Desktop\\master-master\\src\\redux\\reducer.js","statementMap":{"0":{"start":{"line":3,"column":22},"end":{"line":8,"column":1}},"1":{"start":{"line":10,"column":23},"end":{"line":35,"column":1}},"2":{"start":{"line":14,"column":22},"end":{"line":14,"column":28}},"3":{"start":{"line":15,"column":2},"end":{"line":34,"column":3}},"4":{"start":{"line":17,"column":6},"end":{"line":19,"column":9}},"5":{"start":{"line":21,"column":6},"end":{"line":23,"column":9}},"6":{"start":{"line":25,"column":6},"end":{"line":27,"column":9}},"7":{"start":{"line":29,"column":6},"end":{"line":31,"column":9}},"8":{"start":{"line":33,"column":6},"end":{"line":33,"column":19}}},"fnMap":{"0":{"name":"(anonymous_0)","decl":{"start":{"line":10,"column":23},"end":{"line":10,"column":24}},"loc":{"start":{"line":13,"column":2},"end":{"line":35,"column":1}},"line":13}},"branchMap":{"0":{"loc":{"start":{"line":11,"column":2},"end":{"line":11,"column":23}},"type":"default-arg","locations":[{"start":{"line":11,"column":10},"end":{"line":11,"column":23}}],"line":11},"1":{"loc":{"start":{"line":12,"column":2},"end":{"line":12,"column":30}},"type":"default-arg","locations":[{"start":{"line":12,"column":11},"end":{"line":12,"column":30}}],"line":12},"2":{"loc":{"start":{"line":15,"column":2},"end":{"line":34,"column":3}},"type":"switch","locations":[{"start":{"line":16,"column":4},"end":{"line":19,"column":9}},{"start":{"line":20,"column":4},"end":{"line":23,"column":9}},{"start":{"line":24,"column":4},"end":{"line":27,"column":9}},{"start":{"line":28,"column":4},"end":{"line":31,"column":9}},{"start":{"line":32,"column":4},"end":{"line":33,"column":19}}],"line":15}},"s":{"0":3,"1":3,"2":9,"3":9,"4":0,"5":0,"6":0,"7":0,"8":9},"f":{"0":9},"b":{"0":[9],"1":[0],"2":[0,0,0,0,9]},"_coverageSchema":"332fd63041d2c1bcb487cc26dd0d5f7d97098a6c","hash":"0e7125224380651f6a938d625585ba7999a3ce7d"}
,"C:\\Users\\CAGRI\\Desktop\\master-master\\src\\redux\\store.js": {"path":"C:\\Users\\CAGRI\\Desktop\\master-master\\src\\redux\\store.js","statementMap":{"0":{"start":{"line":5,"column":24},"end":{"line":5,"column":52}},"1":{"start":{"line":7,"column":21},"end":{"line":7,"column":49}}},"fnMap":{},"branchMap":{},"s":{"0":3,"1":3},"f":{},"b":{},"_coverageSchema":"332fd63041d2c1bcb487cc26dd0d5f7d97098a6c","hash":"2cca513bb8d65a758ba3bc06cdfe640e72133bc1"}
}
