TN:
SF:C:\Users\CAGRI\Desktop\master-master\src\App.js
FN:11,(anonymous_0)
FN:27,(anonymous_1)
FN:33,(anonymous_2)
FN:39,(anonymous_3)
FN:45,(anonymous_4)
FN:93,(anonymous_5)
FN:95,(anonymous_6)
FN:101,(anonymous_7)
FN:106,(anonymous_8)
FN:127,(anonymous_9)
FNF:10
FNH:0
FNDA:0,(anonymous_0)
FNDA:0,(anonymous_1)
FNDA:0,(anonymous_2)
FNDA:0,(anonymous_3)
FNDA:0,(anonymous_4)
FNDA:0,(anonymous_5)
FNDA:0,(anonymous_6)
FNDA:0,(anonymous_7)
FNDA:0,(anonymous_8)
FNDA:0,(anonymous_9)
DA:12,0
DA:14,0
DA:20,0
DA:21,0
DA:22,0
DA:23,0
DA:28,0
DA:34,0
DA:40,0
DA:46,0
DA:47,0
DA:48,0
DA:49,0
DA:50,0
DA:51,0
DA:54,0
DA:55,0
DA:56,0
DA:57,0
DA:58,0
DA:59,0
DA:60,0
DA:62,0
DA:63,0
DA:64,0
DA:65,0
DA:66,0
DA:67,0
DA:70,0
DA:71,0
DA:72,0
DA:73,0
DA:74,0
DA:75,0
DA:76,0
DA:77,0
DA:79,0
DA:81,0
DA:94,0
DA:96,0
DA:97,0
DA:99,0
DA:102,0
DA:107,0
DA:127,1
DA:131,1
LF:46
LH:2
BRDA:96,0,0,0
BRDA:96,0,1,0
BRF:2
BRH:0
end_of_record
TN:
SF:C:\Users\CAGRI\Desktop\master-master\src\index.js
FN:9,MyApp
FNF:1
FNH:0
FNDA:0,MyApp
DA:1,0
DA:2,0
DA:3,0
DA:4,0
DA:5,0
DA:6,0
DA:7,0
DA:9,0
DA:15,0
LF:9
LH:0
BRF:0
BRH:0
end_of_record
TN:
SF:C:\Users\CAGRI\Desktop\master-master\src\pages.js
FN:11,Pages
FNF:1
FNH:0
FNDA:0,Pages
DA:12,0
LF:1
LH:0
BRF:0
BRH:0
end_of_record
TN:
SF:C:\Users\CAGRI\Desktop\master-master\src\setupTests.js
FNF:0
FNH:0
DA:4,3
LF:1
LH:1
BRF:0
BRH:0
end_of_record
TN:
SF:C:\Users\CAGRI\Desktop\master-master\src\components\developer.js
FN:15,(anonymous_0)
FN:32,(anonymous_1)
FN:36,(anonymous_2)
FN:51,(anonymous_3)
FN:53,(anonymous_4)
FN:59,(anonymous_5)
FN:65,(anonymous_6)
FN:77,(anonymous_7)
FN:79,(anonymous_8)
FN:82,(anonymous_9)
FN:94,(anonymous_10)
FN:99,(anonymous_11)
FN:111,(anonymous_12)
FN:113,(anonymous_13)
FN:114,(anonymous_14)
FN:118,(anonymous_15)
FN:137,(anonymous_16)
FN:168,(anonymous_17)
FN:169,(anonymous_18)
FN:170,(anonymous_19)
FN:171,(anonymous_20)
FN:175,(anonymous_21)
FN:176,(anonymous_22)
FN:177,(anonymous_23)
FN:178,(anonymous_24)
FN:182,(anonymous_25)
FN:183,(anonymous_26)
FN:184,(anonymous_27)
FN:185,(anonymous_28)
FN:197,(anonymous_29)
FNF:30
FNH:0
FNDA:0,(anonymous_0)
FNDA:0,(anonymous_1)
FNDA:0,(anonymous_2)
FNDA:0,(anonymous_3)
FNDA:0,(anonymous_4)
FNDA:0,(anonymous_5)
FNDA:0,(anonymous_6)
FNDA:0,(anonymous_7)
FNDA:0,(anonymous_8)
FNDA:0,(anonymous_9)
FNDA:0,(anonymous_10)
FNDA:0,(anonymous_11)
FNDA:0,(anonymous_12)
FNDA:0,(anonymous_13)
FNDA:0,(anonymous_14)
FNDA:0,(anonymous_15)
FNDA:0,(anonymous_16)
FNDA:0,(anonymous_17)
FNDA:0,(anonymous_18)
FNDA:0,(anonymous_19)
FNDA:0,(anonymous_20)
FNDA:0,(anonymous_21)
FNDA:0,(anonymous_22)
FNDA:0,(anonymous_23)
FNDA:0,(anonymous_24)
FNDA:0,(anonymous_25)
FNDA:0,(anonymous_26)
FNDA:0,(anonymous_27)
FNDA:0,(anonymous_28)
FNDA:0,(anonymous_29)
DA:16,0
DA:18,0
DA:25,0
DA:26,0
DA:27,0
DA:28,0
DA:29,0
DA:33,0
DA:37,0
DA:38,0
DA:42,0
DA:52,0
DA:54,0
DA:55,0
DA:57,0
DA:60,0
DA:66,0
DA:67,0
DA:78,0
DA:80,0
DA:81,0
DA:82,0
DA:83,0
DA:90,0
DA:91,0
DA:95,0
DA:100,0
DA:101,0
DA:112,0
DA:119,0
DA:120,0
DA:138,0
DA:168,0
DA:169,0
DA:170,0
DA:171,0
DA:175,0
DA:176,0
DA:177,0
DA:178,0
DA:182,0
DA:183,0
DA:184,0
DA:185,0
DA:197,2
DA:204,2
LF:46
LH:2
BRDA:37,0,0,0
BRDA:37,0,1,0
BRDA:54,1,0,0
BRDA:54,1,1,0
BRDA:80,2,0,0
BRDA:80,2,1,0
BRDA:86,3,0,0
BRDA:86,3,1,0
BRDA:90,4,0,0
BRDA:90,4,1,0
BRDA:161,5,0,0
BRDA:161,5,1,0
BRDA:189,6,0,0
BRDA:189,6,1,0
BRF:14
BRH:0
end_of_record
TN:
SF:C:\Users\CAGRI\Desktop\master-master\src\components\scrummaster.js
FN:19,(anonymous_0)
FN:37,(anonymous_1)
FN:49,(anonymous_2)
FN:51,(anonymous_3)
FN:61,(anonymous_4)
FN:66,(anonymous_5)
FN:82,(anonymous_6)
FN:84,(anonymous_7)
FN:90,(anonymous_8)
FN:97,(anonymous_9)
FN:103,(anonymous_10)
FN:115,(anonymous_11)
FN:117,(anonymous_12)
FN:128,(anonymous_13)
FN:134,(anonymous_14)
FN:154,(anonymous_15)
FN:185,(anonymous_16)
FN:186,(anonymous_17)
FN:187,(anonymous_18)
FN:188,(anonymous_19)
FN:192,(anonymous_20)
FN:193,(anonymous_21)
FN:194,(anonymous_22)
FN:195,(anonymous_23)
FN:199,(anonymous_24)
FN:200,(anonymous_25)
FN:201,(anonymous_26)
FN:202,(anonymous_27)
FN:224,(anonymous_28)
FN:244,(anonymous_29)
FNF:30
FNH:0
FNDA:0,(anonymous_0)
FNDA:0,(anonymous_1)
FNDA:0,(anonymous_2)
FNDA:0,(anonymous_3)
FNDA:0,(anonymous_4)
FNDA:0,(anonymous_5)
FNDA:0,(anonymous_6)
FNDA:0,(anonymous_7)
FNDA:0,(anonymous_8)
FNDA:0,(anonymous_9)
FNDA:0,(anonymous_10)
FNDA:0,(anonymous_11)
FNDA:0,(anonymous_12)
FNDA:0,(anonymous_13)
FNDA:0,(anonymous_14)
FNDA:0,(anonymous_15)
FNDA:0,(anonymous_16)
FNDA:0,(anonymous_17)
FNDA:0,(anonymous_18)
FNDA:0,(anonymous_19)
FNDA:0,(anonymous_20)
FNDA:0,(anonymous_21)
FNDA:0,(anonymous_22)
FNDA:0,(anonymous_23)
FNDA:0,(anonymous_24)
FNDA:0,(anonymous_25)
FNDA:0,(anonymous_26)
FNDA:0,(anonymous_27)
FNDA:0,(anonymous_28)
FNDA:0,(anonymous_29)
DA:20,0
DA:22,0
DA:31,0
DA:32,0
DA:33,0
DA:34,0
DA:38,0
DA:39,0
DA:50,0
DA:52,0
DA:53,0
DA:54,0
DA:62,0
DA:67,0
DA:68,0
DA:72,0
DA:83,0
DA:85,0
DA:86,0
DA:88,0
DA:91,0
DA:98,0
DA:104,0
DA:105,0
DA:116,0
DA:118,0
DA:119,0
DA:120,0
DA:126,0
DA:129,0
DA:135,0
DA:136,0
DA:155,0
DA:185,0
DA:186,0
DA:187,0
DA:188,0
DA:192,0
DA:193,0
DA:194,0
DA:195,0
DA:199,0
DA:200,0
DA:201,0
DA:202,0
DA:225,0
DA:244,2
DA:250,2
LF:48
LH:2
BRDA:52,0,0,0
BRDA:52,0,1,0
BRDA:67,1,0,0
BRDA:67,1,1,0
BRDA:85,2,0,0
BRDA:85,2,1,0
BRDA:104,3,0,0
BRDA:104,3,1,0
BRDA:118,4,0,0
BRDA:118,4,1,0
BRDA:178,5,0,0
BRDA:178,5,1,0
BRDA:206,6,0,0
BRDA:206,6,1,0
BRDA:229,7,0,0
BRDA:229,7,1,0
BRF:16
BRH:0
end_of_record
TN:
SF:C:\Users\CAGRI\Desktop\master-master\src\redux\actions.js
FN:3,setData
FN:14,setStoryList
FN:23,setVoteStatus
FN:32,setRoute
FNF:4
FNH:0
FNDA:0,setData
FNDA:0,setStoryList
FNDA:0,setVoteStatus
FNDA:0,setRoute
DA:4,0
DA:15,0
DA:24,0
DA:33,0
LF:4
LH:0
BRF:0
BRH:0
end_of_record
TN:
SF:C:\Users\CAGRI\Desktop\master-master\src\redux\reducer.js
FN:10,(anonymous_0)
FNF:1
FNH:1
FNDA:9,(anonymous_0)
DA:3,3
DA:10,3
DA:14,9
DA:15,9
DA:17,0
DA:21,0
DA:25,0
DA:29,0
DA:33,9
LF:9
LH:5
BRDA:11,0,0,9
BRDA:12,1,0,0
BRDA:15,2,0,0
BRDA:15,2,1,0
BRDA:15,2,2,0
BRDA:15,2,3,0
BRDA:15,2,4,9
BRF:7
BRH:2
end_of_record
TN:
SF:C:\Users\CAGRI\Desktop\master-master\src\redux\store.js
FNF:0
FNH:0
DA:5,3
DA:7,3
LF:2
LH:2
BRF:0
BRH:0
end_of_record
